2025-12-21 16:33:05,312 CRIT Supervisor is running as root.  Privileges were not dropped because no user is specified in the config file.  If you intend to run as root, you can set user=root in the config file to avoid this message.
2025-12-21 16:33:05,314 INFO supervisord started with pid 1
2025-12-21 16:33:06,319 INFO spawned: 'nginx' with pid 7
2025-12-21 16:33:06,324 INFO spawned: 'php-fpm' with pid 8
2025-12-21 16:33:06,335 WARN exited: nginx (exit status 1; not expected)
2025-12-21 16:33:07,367 INFO spawned: 'nginx' with pid 11
2025-12-21 16:33:07,369 INFO success: php-fpm entered RUNNING state, process has stayed up for > than 1 seconds (startsecs)
2025-12-21 16:33:07,382 WARN exited: nginx (exit status 1; not expected)
2025-12-21 16:33:09,390 INFO spawned: 'nginx' with pid 12
2025-12-21 16:33:09,404 WARN exited: nginx (exit status 1; not expected)
2025-12-21 16:33:12,410 INFO spawned: 'nginx' with pid 40
2025-12-21 16:33:12,421 WARN exited: nginx (exit status 1; not expected)
2025-12-21 16:33:13,423 INFO gave up: nginx entered FATAL state, too many start retries too quickly
2025-12-21 16:35:32,601 WARN received SIGTERM indicating exit request
2025-12-21 16:35:32,603 INFO waiting for php-fpm to die
2025-12-21 16:35:32,643 INFO stopped: php-fpm (exit status 0)
2025-12-21 16:36:36,225 CRIT Supervisor is running as root.  Privileges were not dropped because no user is specified in the config file.  If you intend to run as root, you can set user=root in the config file to avoid this message.
2025-12-21 16:36:36,228 INFO supervisord started with pid 1
2025-12-21 16:36:37,230 INFO spawned: 'nginx' with pid 7
2025-12-21 16:36:37,233 INFO spawned: 'php-fpm' with pid 8
2025-12-21 16:36:41,524 CRIT Supervisor is running as root.  Privileges were not dropped because no user is specified in the config file.  If you intend to run as root, you can set user=root in the config file to avoid this message.
2025-12-21 16:36:41,525 INFO supervisord started with pid 1
2025-12-21 16:36:42,530 INFO spawned: 'nginx' with pid 7
2025-12-21 16:36:42,536 INFO spawned: 'php-fpm' with pid 8
2025-12-21 16:36:43,577 INFO success: nginx entered RUNNING state, process has stayed up for > than 1 seconds (startsecs)
2025-12-21 16:36:43,578 INFO success: php-fpm entered RUNNING state, process has stayed up for > than 1 seconds (startsecs)
